----------

Mon Feb 16 2026 16:02:59 GMT+0100 (Central European Standard Time)

warning: adding embedded git repository: repo/dreamingmaus.github.io
hint: You've added another git repository inside your current repository.
hint: Clones of the outer repository will not contain the contents of
hint: the embedded repository and will not know how to obtain it.
hint: If you meant to add a submodule, use:
hint:
hint: 	git submodule add <url> repo/dreamingmaus.github.io
hint:
hint: If you added this path by mistake, you can remove it from the
hint: index with:
hint:
hint: 	git rm --cached repo/dreamingmaus.github.io
hint:
hint: See "git help submodule" for more information.
hint: Disable this message with "git config set advice.addEmbeddedRepo false"


----------

Mon Feb 16 2026 16:03:00 GMT+0100 (Central European Standard Time)

To github.com:AsmitaMauskar/dreamingmaus.github.io
 ! [rejected]        main -> main (fetch first)
error: failed to push some refs to 'github.com:AsmitaMauskar/dreamingmaus.github.io'
hint: Updates were rejected because the remote contains work that you do not
hint: have locally. This is usually caused by another repository pushing to
hint: the same ref. If you want to integrate the remote changes, use
hint: 'git pull' before pushing again.
hint: See the 'Note about fast-forwards' in 'git push --help' for details.


